0 info it worked if it ends with ok
1 verbose cli [ 'C:\\Program Files\\nodejs\\node.exe',
1 verbose cli   'C:\\Program Files\\nodejs\\node_modules\\npm\\bin\\npm-cli.js',
1 verbose cli   'run',
1 verbose cli   'local' ]
2 info using npm@3.10.10
3 info using node@v6.9.5
4 verbose run-script [ 'prelocal', 'local', 'postlocal' ]
5 info lifecycle browserstack-test@1.0.0~prelocal: browserstack-test@1.0.0
6 silly lifecycle browserstack-test@1.0.0~prelocal: no script for prelocal, continuing
7 info lifecycle browserstack-test@1.0.0~local: browserstack-test@1.0.0
8 verbose lifecycle browserstack-test@1.0.0~local: unsafe-perm in lifecycle true
9 verbose lifecycle browserstack-test@1.0.0~local: PATH: C:\Program Files\nodejs\node_modules\npm\bin\node-gyp-bin;C:\Users\ecoronado\browserstack-test\node_modules\.bin;C:\ProgramData\Oracle\Java\javapath;C:\Program Files\Common Files\Microsoft Shared\Microsoft Online Services;C:\Program Files (x86)\Common Files\Microsoft Shared\Microsoft Online Services;C:\WINDOWS\system32;C:\WINDOWS;C:\WINDOWS\System32\Wbem;C:\Program Files (x86)\Microsoft Application Virtualization Client;C:\WINDOWS\System32\WindowsPowerShell\v1.0\;C:\Program Files (x86)\IBM\RationalSDLC\clearcase\RemoteClient\cteapis;C:\WINDOWS\System32\WindowsPowerShell\v1.0\;C:\Program Files (x86)\Skype\Phone\;C:\Program Files (x86)\PharosSystems\Core;C:\Program Files\Intel\WiFi\bin\;C:\Program Files\Common Files\Intel\WirelessCommon\;C:\PROGRA~2\IBM\SQLLIB\BIN;C:\PROGRA~2\IBM\SQLLIB\FUNCTION;C:\PROGRA~1\IBM\SQLLIB\BIN;C:\PROGRA~1\IBM\SQLLIB\FUNCTION;C:\Program Files\Git\cmd;C:\Program Files\nodejs\;C:\Users\ecoronado\AppData\Roaming\npm
10 verbose lifecycle browserstack-test@1.0.0~local: CWD: C:\Users\ecoronado\browserstack-test
11 silly lifecycle browserstack-test@1.0.0~local: Args: [ '/d /s /c', 'wdio conf/local.conf.js' ]
12 silly lifecycle browserstack-test@1.0.0~local: Returned: code: 1  signal: null
13 info lifecycle browserstack-test@1.0.0~local: Failed to exec local script
14 verbose stack Error: browserstack-test@1.0.0 local: `wdio conf/local.conf.js`
14 verbose stack Exit status 1
14 verbose stack     at EventEmitter.<anonymous> (C:\Program Files\nodejs\node_modules\npm\lib\utils\lifecycle.js:255:16)
14 verbose stack     at emitTwo (events.js:106:13)
14 verbose stack     at EventEmitter.emit (events.js:191:7)
14 verbose stack     at ChildProcess.<anonymous> (C:\Program Files\nodejs\node_modules\npm\lib\utils\spawn.js:40:14)
14 verbose stack     at emitTwo (events.js:106:13)
14 verbose stack     at ChildProcess.emit (events.js:191:7)
14 verbose stack     at maybeClose (internal/child_process.js:877:16)
14 verbose stack     at Process.ChildProcess._handle.onexit (internal/child_process.js:226:5)
15 verbose pkgid browserstack-test@1.0.0
16 verbose cwd C:\Users\ecoronado\browserstack-test
17 error Windows_NT 6.1.7601
18 error argv "C:\\Program Files\\nodejs\\node.exe" "C:\\Program Files\\nodejs\\node_modules\\npm\\bin\\npm-cli.js" "run" "local"
19 error node v6.9.5
20 error npm  v3.10.10
21 error code ELIFECYCLE
22 error browserstack-test@1.0.0 local: `wdio conf/local.conf.js`
22 error Exit status 1
23 error Failed at the browserstack-test@1.0.0 local script 'wdio conf/local.conf.js'.
23 error Make sure you have the latest version of node.js and npm installed.
23 error If you do, this is most likely a problem with the browserstack-test package,
23 error not with npm itself.
23 error Tell the author that this fails on your system:
23 error     wdio conf/local.conf.js
23 error You can get information on how to open an issue for this project with:
23 error     npm bugs browserstack-test
23 error Or if that isn't available, you can get their info via:
23 error     npm owner ls browserstack-test
23 error There is likely additional logging output above.
24 verbose exit [ 1, true ]
